2025-10-14 11:58:08 | RESULT | Команда CommandHandler[callback=CommandsMyBot.start] - успешно добавлена!

2025-10-14 11:58:08 | RESULT | Команда CommandHandler[callback=CommandsMyBot.help] - успешно добавлена!

2025-10-14 11:58:08 | RESULT | Команда CommandHandler[callback=CommandsMyBot.greeting] - успешно добавлена!

2025-10-14 11:58:08 | RESULT | Команда CommandHandler[callback=CommandsMyBot.info] - успешно добавлена!

2025-10-14 11:58:08 | RESULT | Команда CommandHandler[callback=CommandsMyBot.day_time] - успешно добавлена!

2025-10-14 11:58:08 | RESULT | Команда CommandHandler[callback=CommandsMyBot.author] - успешно добавлена!

2025-10-14 11:58:08 | RESULT | Команда CommandHandler[callback=PcCommandsBot.system_info] - успешно добавлена!

2025-10-14 11:58:08 | RESULT | Команда CommandHandler[callback=PcCommandsBot.processor_info] - успешно добавлена!

2025-10-14 11:58:08 | RESULT | Команда CommandHandler[callback=PcCommandsBot.disk] - успешно добавлена!

2025-10-14 11:58:08 | RESULT | Команда CommandHandler[callback=PcCommandsBot.users_system] - успешно добавлена!

2025-10-14 11:58:08 | RESULT | Команда CommandHandler[callback=PcCommandsBot.access_memory] - успешно добавлена!

2025-10-14 11:58:08 | RESULT | Команда CommandHandler[callback=PcCommandsBot.time_start_system] - успешно добавлена!

2025-10-14 11:58:08 | RESULT | Бот успешно запустился
2025-10-14 21:27:10 | RESULT | Команда CommandHandler[callback=CommandsMyBot.start] - успешно добавлена!

2025-10-14 21:27:10 | RESULT | Команда CommandHandler[callback=CommandsMyBot.help] - успешно добавлена!

2025-10-14 21:27:10 | RESULT | Команда CommandHandler[callback=CommandsMyBot.greeting] - успешно добавлена!

2025-10-14 21:27:10 | RESULT | Команда CommandHandler[callback=CommandsMyBot.info] - успешно добавлена!

2025-10-14 21:27:10 | RESULT | Команда CommandHandler[callback=CommandsMyBot.day_time] - успешно добавлена!

2025-10-14 21:27:10 | RESULT | Команда CommandHandler[callback=CommandsMyBot.author] - успешно добавлена!

2025-10-14 21:27:10 | RESULT | Команда CommandHandler[callback=PcCommandsBot.system_info] - успешно добавлена!

2025-10-14 21:27:10 | RESULT | Команда CommandHandler[callback=PcCommandsBot.processor_info] - успешно добавлена!

2025-10-14 21:27:10 | RESULT | Команда CommandHandler[callback=PcCommandsBot.disk] - успешно добавлена!

2025-10-14 21:27:10 | RESULT | Команда CommandHandler[callback=PcCommandsBot.users_system] - успешно добавлена!

2025-10-14 21:27:10 | RESULT | Команда CommandHandler[callback=PcCommandsBot.access_memory] - успешно добавлена!

2025-10-14 21:27:10 | RESULT | Команда CommandHandler[callback=PcCommandsBot.time_start_system] - успешно добавлена!

2025-10-14 21:27:10 | RESULT | Бот успешно запустился
2025-10-15 14:54:15 | RESULT | Команда CommandHandler[callback=CommandsMyBot.start] - успешно добавлена!

2025-10-15 14:54:15 | RESULT | Команда CommandHandler[callback=CommandsMyBot.help] - успешно добавлена!

2025-10-15 14:54:15 | RESULT | Команда CommandHandler[callback=CommandsMyBot.greeting] - успешно добавлена!

2025-10-15 14:54:15 | RESULT | Команда CommandHandler[callback=CommandsMyBot.info] - успешно добавлена!

2025-10-15 14:54:15 | RESULT | Команда CommandHandler[callback=CommandsMyBot.day_time] - успешно добавлена!

2025-10-15 14:54:15 | RESULT | Команда CommandHandler[callback=CommandsMyBot.author] - успешно добавлена!

2025-10-15 14:54:15 | RESULT | Команда CommandHandler[callback=PcCommandsBot.system_info] - успешно добавлена!

2025-10-15 14:54:15 | RESULT | Команда CommandHandler[callback=PcCommandsBot.processor_info] - успешно добавлена!

2025-10-15 14:54:15 | RESULT | Команда CommandHandler[callback=PcCommandsBot.disk] - успешно добавлена!

2025-10-15 14:54:15 | RESULT | Команда CommandHandler[callback=PcCommandsBot.users_system] - успешно добавлена!

2025-10-15 14:54:15 | RESULT | Команда CommandHandler[callback=PcCommandsBot.access_memory] - успешно добавлена!

2025-10-15 14:54:15 | RESULT | Команда CommandHandler[callback=PcCommandsBot.time_start_system] - успешно добавлена!

2025-10-15 14:54:15 | RESULT | Бот успешно запустился
2025-10-15 18:05:14 | RESULT | Команда CommandHandler[callback=CommandsMyBot.start] - успешно добавлена!

2025-10-15 18:05:14 | RESULT | Команда CommandHandler[callback=CommandsMyBot.help] - успешно добавлена!

2025-10-15 18:05:14 | RESULT | Команда CommandHandler[callback=CommandsMyBot.greeting] - успешно добавлена!

2025-10-15 18:05:14 | RESULT | Команда CommandHandler[callback=CommandsMyBot.info] - успешно добавлена!

2025-10-15 18:05:14 | RESULT | Команда CommandHandler[callback=CommandsMyBot.day_time] - успешно добавлена!

2025-10-15 18:05:14 | RESULT | Команда CommandHandler[callback=CommandsMyBot.author] - успешно добавлена!

2025-10-15 18:05:14 | RESULT | Команда CommandHandler[callback=PcCommandsBot.system_info] - успешно добавлена!

2025-10-15 18:05:14 | RESULT | Команда CommandHandler[callback=PcCommandsBot.processor_info] - успешно добавлена!

2025-10-15 18:05:14 | RESULT | Команда CommandHandler[callback=PcCommandsBot.disk] - успешно добавлена!

2025-10-15 18:05:14 | RESULT | Команда CommandHandler[callback=PcCommandsBot.users_system] - успешно добавлена!

2025-10-15 18:05:14 | RESULT | Команда CommandHandler[callback=PcCommandsBot.access_memory] - успешно добавлена!

2025-10-15 18:05:14 | RESULT | Команда CommandHandler[callback=PcCommandsBot.time_start_system] - успешно добавлена!

2025-10-15 18:05:14 | RESULT | Бот успешно запустился
2025-10-15 18:30:07 | RESULT | Команда CommandHandler[callback=CommandsMyBot.start] - успешно добавлена!

2025-10-15 18:30:07 | RESULT | Команда CommandHandler[callback=CommandsMyBot.help] - успешно добавлена!

2025-10-15 18:30:07 | RESULT | Команда CommandHandler[callback=CommandsMyBot.greeting] - успешно добавлена!

2025-10-15 18:30:07 | RESULT | Команда CommandHandler[callback=CommandsMyBot.info] - успешно добавлена!

2025-10-15 18:30:07 | RESULT | Команда CommandHandler[callback=CommandsMyBot.day_time] - успешно добавлена!

2025-10-15 18:30:07 | RESULT | Команда CommandHandler[callback=CommandsMyBot.author] - успешно добавлена!

2025-10-15 18:30:07 | RESULT | Команда CommandHandler[callback=PcCommandsBot.system_info] - успешно добавлена!

2025-10-15 18:30:07 | RESULT | Команда CommandHandler[callback=PcCommandsBot.processor_info] - успешно добавлена!

2025-10-15 18:30:07 | RESULT | Команда CommandHandler[callback=PcCommandsBot.disk] - успешно добавлена!

2025-10-15 18:30:07 | RESULT | Команда CommandHandler[callback=PcCommandsBot.users_system] - успешно добавлена!

2025-10-15 18:30:07 | RESULT | Команда CommandHandler[callback=PcCommandsBot.access_memory] - успешно добавлена!

2025-10-15 18:30:07 | RESULT | Команда CommandHandler[callback=PcCommandsBot.time_start_system] - успешно добавлена!

2025-10-15 18:30:07 | RESULT | Бот успешно запустился
