nohup: ignoring input
2025-10-16 07:16:20.105 | DEBUG    | __main__:main:39 - Начало запуска бота
2025-10-16 07:16:20.105 | INFO     | __main__:main:64 - Команда CommandHandler[callback=CommandsMyBot.start] - успешно добавлена!

2025-10-16 07:16:20.105 | INFO     | __main__:main:64 - Команда CommandHandler[callback=CommandsMyBot.help] - успешно добавлена!

2025-10-16 07:16:20.106 | INFO     | __main__:main:64 - Команда CommandHandler[callback=CommandsMyBot.greeting] - успешно добавлена!

2025-10-16 07:16:20.106 | INFO     | __main__:main:64 - Команда CommandHandler[callback=CommandsMyBot.info] - успешно добавлена!

2025-10-16 07:16:20.106 | INFO     | __main__:main:64 - Команда CommandHandler[callback=CommandsMyBot.day_time] - успешно добавлена!

2025-10-16 07:16:20.106 | INFO     | __main__:main:64 - Команда CommandHandler[callback=CommandsMyBot.author] - успешно добавлена!

2025-10-16 07:16:20.106 | INFO     | __main__:main:64 - Команда CommandHandler[callback=PcCommandsBot.system_info] - успешно добавлена!

2025-10-16 07:16:20.106 | INFO     | __main__:main:64 - Команда CommandHandler[callback=PcCommandsBot.processor_info] - успешно добавлена!

2025-10-16 07:16:20.106 | INFO     | __main__:main:64 - Команда CommandHandler[callback=PcCommandsBot.disk] - успешно добавлена!

2025-10-16 07:16:20.106 | INFO     | __main__:main:64 - Команда CommandHandler[callback=PcCommandsBot.users_system] - успешно добавлена!

2025-10-16 07:16:20.106 | INFO     | __main__:main:64 - Команда CommandHandler[callback=PcCommandsBot.access_memory] - успешно добавлена!

2025-10-16 07:16:20.106 | INFO     | __main__:main:64 - Команда CommandHandler[callback=PcCommandsBot.time_start_system] - успешно добавлена!

2025-10-16 07:16:20.106 | DEBUG    | __main__:main:68 - Добавлен обраточик неизвестных команд
2025-10-16 07:16:20.106 | DEBUG    | __main__:main:71 - Бот запустился

2025-10-16 07:16:20.106 | INFO     | __main__:main:72 - Бот успешно запустился
Начало запуска скрипта
Добавлен обработчик неизвестных команд
Ботяра запускается.....
