2025-09-19 06:34:16,751 - DEBUG - Скрипт запущен
2025-09-19 06:34:16,751 - INFO - Запуск бота... Инициализация Application.
2025-09-19 06:34:16,810 - DEBUG - Команда /start успешно зарегистрирована.
2025-09-19 06:34:16,810 - DEBUG - Команда /info успешно зарегистрирована.
2025-09-19 06:34:16,810 - DEBUG - Команда /available_commands успешно зарегистрирована.
2025-09-19 06:34:16,811 - DEBUG - Команда /greeting успешно зарегистрирована.
2025-09-19 06:34:16,811 - DEBUG - Команда /day_time успешно зарегистрирована.
2025-09-19 06:34:16,811 - DEBUG - Команда /author успешно зарегистрирована.
2025-09-19 06:34:16,811 - DEBUG - Обработчик текстовых сообщений успешно подключён.
2025-09-19 06:34:16,811 - INFO - Бот запущен и готов к работе
2025-09-19 06:34:46,128 - DEBUG - Получено сообщение от 5221431858: инфа
2025-09-19 06:34:46,382 - DEBUG - Сообщение не обработано: инфа
2025-09-19 06:34:49,321 - DEBUG - Получено сообщение от 5221431858: cписок дел
2025-09-19 06:34:49,440 - DEBUG - Сообщение не обработано: cписок дел
2025-09-19 06:34:55,520 - DEBUG - Получено сообщение от 5221431858: команды
2025-09-19 06:34:55,769 - DEBUG - Сообщение не обработано: команды
2025-09-19 06:34:58,515 - DEBUG - Получено сообщение от 5221431858: время
2025-09-19 06:34:58,618 - DEBUG - Сообщение не обработано: время
2025-09-19 06:35:18,941 - DEBUG - Получено сообщение от 5221431858: имена котиков
2025-09-19 06:35:21,826 - DEBUG - Получено сообщение от 5221431858: скрыть кнопки
2025-09-19 06:35:21,945 - DEBUG - Сообщение не обработано: скрыть кнопки
2025-09-19 06:35:29,127 - DEBUG - Получено сообщение от 5221431858: задать вопрос
2025-09-19 06:35:29,401 - DEBUG - Сообщение не обработано: задать вопрос
2025-09-19 06:37:17,464 - DEBUG - Скрипт запущен
2025-09-19 06:37:17,464 - INFO - Запуск бота... Инициализация Application.
2025-09-19 06:37:17,501 - DEBUG - Команда /start успешно зарегистрирована.
2025-09-19 06:37:17,501 - DEBUG - Команда /info успешно зарегистрирована.
2025-09-19 06:37:17,501 - DEBUG - Команда /available_commands успешно зарегистрирована.
2025-09-19 06:37:17,502 - DEBUG - Команда /greeting успешно зарегистрирована.
2025-09-19 06:37:17,502 - DEBUG - Команда /day_time успешно зарегистрирована.
2025-09-19 06:37:17,502 - DEBUG - Команда /author успешно зарегистрирована.
2025-09-19 06:37:17,502 - DEBUG - Обработчик текстовых сообщений успешно подключён.
2025-09-19 06:37:17,502 - INFO - Бот запущен и готов к работе
2025-09-19 06:37:24,062 - DEBUG - Получено сообщение от 5221431858: Инфа
2025-09-19 06:37:24,180 - DEBUG - Сообщение не обработано: Инфа
2025-09-19 06:37:26,318 - DEBUG - Получено сообщение от 5221431858: Cписок дел
2025-09-19 06:37:26,444 - DEBUG - Сообщение не обработано: Cписок дел
2025-09-19 06:37:29,656 - DEBUG - Получено сообщение от 5221431858: Команды
2025-09-19 06:37:29,756 - DEBUG - Сообщение не обработано: Команды
2025-09-19 07:07:24,342 - DEBUG - Скрипт запущен
2025-09-19 07:07:24,342 - INFO - Запуск бота... Инициализация Application.
2025-09-19 07:07:24,379 - DEBUG - Команда /start успешно зарегистрирована.
2025-09-19 07:07:24,380 - DEBUG - Команда /info успешно зарегистрирована.
2025-09-19 07:07:24,380 - DEBUG - Команда /available_commands успешно зарегистрирована.
2025-09-19 07:07:24,380 - DEBUG - Команда /greeting успешно зарегистрирована.
2025-09-19 07:07:24,380 - DEBUG - Команда /day_time успешно зарегистрирована.
2025-09-19 07:07:24,381 - DEBUG - Команда /author успешно зарегистрирована.
2025-09-19 07:07:24,381 - DEBUG - Обработчик текстовых сообщений успешно подключён.
2025-09-19 07:07:24,381 - INFO - Бот запущен и готов к работе
2025-09-19 07:07:34,637 - DEBUG - Получено сообщение от 5221431858: Команды
2025-09-19 07:07:34,876 - DEBUG - Сообщение не обработано: Команды
2025-09-19 07:07:37,088 - DEBUG - Получено сообщение от 5221431858: Время
2025-09-19 07:07:37,211 - DEBUG - Сообщение не обработано: Время
2025-09-19 07:07:42,842 - DEBUG - Получено сообщение от 5221431858: Имена котиков
2025-09-19 07:07:44,944 - DEBUG - Получено сообщение от 5221431858: Автор
2025-09-19 07:07:47,980 - DEBUG - Получено сообщение от 5221431858: Инфа
2025-09-19 07:08:56,025 - DEBUG - Получено сообщение от 5221431858: Время
2025-09-19 07:08:56,300 - DEBUG - Сообщение не обработано: Время
2025-09-19 07:11:53,848 - DEBUG - Скрипт запущен
2025-09-19 07:11:53,849 - INFO - Запуск бота... Инициализация Application.
2025-09-19 07:11:53,886 - DEBUG - Команда /start успешно зарегистрирована.
2025-09-19 07:11:53,887 - DEBUG - Команда /info успешно зарегистрирована.
2025-09-19 07:11:53,887 - DEBUG - Команда /available_commands успешно зарегистрирована.
2025-09-19 07:11:53,887 - DEBUG - Команда /greeting успешно зарегистрирована.
2025-09-19 07:11:53,887 - DEBUG - Команда /day_time успешно зарегистрирована.
2025-09-19 07:11:53,888 - DEBUG - Команда /author успешно зарегистрирована.
2025-09-19 07:11:53,888 - DEBUG - Обработчик текстовых сообщений успешно подключён.
2025-09-19 07:11:53,888 - INFO - Бот запущен и готов к работе
2025-09-19 07:11:55,479 - DEBUG - Получено сообщение от 5221431858: Инфа
2025-09-19 07:12:04,019 - DEBUG - Получено сообщение от 5221431858: Команды
2025-09-19 07:12:04,262 - DEBUG - Сообщение не обработано: Команды
2025-09-19 07:12:12,172 - DEBUG - Получено сообщение от 5221431858: Время
2025-09-19 07:12:12,541 - DEBUG - Сообщение не обработано: Время
2025-09-19 07:12:27,493 - DEBUG - Получено сообщение от 5221431858: Сколько сейчас времени?
2025-09-19 07:12:28,844 - DEBUG - Сообщение не обработано: Сколько сейчас времени?
2025-09-19 07:15:01,499 - DEBUG - Скрипт запущен
2025-09-19 07:15:01,500 - INFO - Запуск бота... Инициализация Application.
2025-09-19 07:15:01,543 - DEBUG - Команда /start успешно зарегистрирована.
2025-09-19 07:15:01,544 - DEBUG - Команда /info успешно зарегистрирована.
2025-09-19 07:15:01,544 - DEBUG - Команда /available_commands успешно зарегистрирована.
2025-09-19 07:15:01,544 - DEBUG - Команда /greeting успешно зарегистрирована.
2025-09-19 07:15:01,545 - DEBUG - Команда /day_time успешно зарегистрирована.
2025-09-19 07:15:01,545 - DEBUG - Команда /author успешно зарегистрирована.
2025-09-19 07:15:01,545 - DEBUG - Обработчик текстовых сообщений успешно подключён.
2025-09-19 07:15:01,545 - INFO - Бот запущен и готов к работе
2025-09-19 07:15:05,896 - DEBUG - Получено сообщение от 5221431858: Скрыть кнопки
2025-09-19 07:15:06,004 - DEBUG - Сообщение не обработано: Скрыть кнопки
2025-09-19 07:15:07,992 - DEBUG - Получено сообщение от 5221431858: Cписок дел
2025-09-19 07:15:08,171 - DEBUG - Сообщение не обработано: Cписок дел
2025-09-19 07:15:10,004 - DEBUG - Получено сообщение от 5221431858: Задать вопрос
2025-09-19 07:15:13,907 - DEBUG - Получено сообщение от 5221431858: Сколько времени?
2025-09-19 07:16:07,145 - DEBUG - Скрипт запущен
2025-09-19 07:16:07,146 - INFO - Запуск бота... Инициализация Application.
2025-09-19 07:16:07,181 - DEBUG - Команда /start успешно зарегистрирована.
2025-09-19 07:16:07,181 - DEBUG - Команда /info успешно зарегистрирована.
2025-09-19 07:16:07,181 - DEBUG - Команда /available_commands успешно зарегистрирована.
2025-09-19 07:16:07,182 - DEBUG - Команда /greeting успешно зарегистрирована.
2025-09-19 07:16:07,182 - DEBUG - Команда /day_time успешно зарегистрирована.
2025-09-19 07:16:07,182 - DEBUG - Команда /author успешно зарегистрирована.
2025-09-19 07:16:07,182 - DEBUG - Обработчик текстовых сообщений успешно подключён.
2025-09-19 07:16:07,183 - INFO - Бот запущен и готов к работе
2025-09-19 07:16:14,865 - DEBUG - Получено сообщение от 5221431858: Команды
2025-09-19 07:16:15,136 - DEBUG - Сообщение не обработано: Команды
2025-09-19 07:16:19,474 - DEBUG - Получено сообщение от 5221431858: Автор
2025-09-19 07:16:23,700 - DEBUG - Получено сообщение от 5221431858: Инфа
2025-09-19 07:16:29,185 - DEBUG - Получено сообщение от 5221431858: Cписок дел
2025-09-19 07:16:29,278 - DEBUG - Сообщение не обработано: Cписок дел
2025-09-19 07:16:31,360 - DEBUG - Получено сообщение от 5221431858: Имена котиков
2025-09-19 07:16:34,370 - DEBUG - Получено сообщение от 5221431858: Задать вопрос
2025-09-19 07:18:02,232 - DEBUG - Получено сообщение от 5221431858: Назад
2025-09-19 07:18:24,402 - DEBUG - Скрипт запущен
2025-09-19 07:18:24,403 - INFO - Запуск бота... Инициализация Application.
2025-09-19 07:18:24,440 - DEBUG - Команда /start успешно зарегистрирована.
2025-09-19 07:18:24,441 - DEBUG - Команда /info успешно зарегистрирована.
2025-09-19 07:18:24,441 - DEBUG - Команда /available_commands успешно зарегистрирована.
2025-09-19 07:18:24,441 - DEBUG - Команда /greeting успешно зарегистрирована.
2025-09-19 07:18:24,441 - DEBUG - Команда /day_time успешно зарегистрирована.
2025-09-19 07:18:24,442 - DEBUG - Команда /author успешно зарегистрирована.
2025-09-19 07:18:24,442 - DEBUG - Обработчик текстовых сообщений успешно подключён.
2025-09-19 07:18:24,442 - INFO - Бот запущен и готов к работе
2025-09-19 07:18:28,275 - DEBUG - Получено сообщение от 5221431858: Скрыть кнопки
2025-09-19 07:18:28,372 - DEBUG - Сообщение не обработано: Скрыть кнопки
2025-09-19 07:18:31,461 - DEBUG - Получено сообщение от 5221431858: Задать вопрос
2025-09-19 07:18:34,330 - DEBUG - Получено сообщение от 5221431858: Доступные команды
2025-09-19 07:18:34,445 - DEBUG - Сообщение не обработано: Доступные команды
2025-09-19 07:33:47,872 - DEBUG - Скрипт запущен
2025-09-19 07:33:47,872 - INFO - Запуск бота... Инициализация Application.
2025-09-19 07:33:47,915 - DEBUG - Команда /start успешно зарегистрирована.
2025-09-19 07:33:47,915 - DEBUG - Команда /info успешно зарегистрирована.
2025-09-19 07:33:47,915 - DEBUG - Команда /available_commands успешно зарегистрирована.
2025-09-19 07:33:47,915 - DEBUG - Команда /greeting успешно зарегистрирована.
2025-09-19 07:33:47,916 - DEBUG - Команда /day_time успешно зарегистрирована.
2025-09-19 07:33:47,916 - DEBUG - Команда /author успешно зарегистрирована.
2025-09-19 07:33:47,916 - DEBUG - Обработчик текстовых сообщений успешно подключён.
2025-09-19 07:33:47,916 - INFO - Бот запущен и готов к работе
2025-09-19 07:33:53,808 - DEBUG - Получено сообщение от 5221431858: Задать вопрос
2025-09-19 07:33:57,579 - DEBUG - Получено сообщение от 5221431858: Доступные команды
2025-09-19 07:34:06,694 - DEBUG - Получено сообщение от 5221431858: Задать вопрос
2025-09-19 07:34:09,776 - DEBUG - Получено сообщение от 5221431858: Сколько времени?
2025-09-19 08:41:27,479 - DEBUG - Скрипт запущен
2025-09-19 08:41:27,479 - INFO - Запуск бота... Инициализация Application.
2025-09-19 08:41:27,560 - DEBUG - Команда /start успешно зарегистрирована.
2025-09-19 08:41:27,561 - DEBUG - Команда /info успешно зарегистрирована.
2025-09-19 08:41:27,561 - DEBUG - Команда /available_commands успешно зарегистрирована.
2025-09-19 08:41:27,561 - DEBUG - Команда /greeting успешно зарегистрирована.
2025-09-19 08:41:27,562 - DEBUG - Команда /day_time успешно зарегистрирована.
2025-09-19 08:41:27,562 - DEBUG - Команда /author успешно зарегистрирована.
2025-09-19 08:41:27,562 - DEBUG - Обработчик текстовых сообщений успешно подключён.
2025-09-19 08:41:27,562 - INFO - Бот запущен и готов к работе
2025-09-19 08:42:18,752 - DEBUG - Получено сообщение от 5221431858: Инфа
2025-09-19 08:42:23,382 - DEBUG - Получено сообщение от 5221431858: Автор
2025-09-19 08:42:24,904 - DEBUG - Получено сообщение от 5221431858: Команды
2025-09-19 08:42:25,096 - DEBUG - Сообщение не обработано: Команды
2025-09-19 08:42:26,670 - DEBUG - Получено сообщение от 5221431858: Время
2025-09-19 08:42:26,782 - DEBUG - Сообщение не обработано: Время
2025-09-19 08:42:28,626 - DEBUG - Получено сообщение от 5221431858: Задать вопрос
2025-09-19 08:42:31,876 - DEBUG - Получено сообщение от 5221431858: Сколько времени?
2025-09-19 08:42:35,119 - DEBUG - Получено сообщение от 5221431858: Задать вопрос
2025-09-19 08:42:37,903 - DEBUG - Получено сообщение от 5221431858: Доступные команды
2025-09-20 08:37:19,549 - DEBUG - Скрипт запущен
2025-09-20 08:37:19,550 - INFO - Запуск бота... Инициализация Application.
2025-09-20 08:37:19,628 - DEBUG - Команда /start успешно зарегистрирована.
2025-09-20 08:37:19,629 - DEBUG - Команда /info успешно зарегистрирована.
2025-09-20 08:37:19,629 - DEBUG - Команда /available_commands успешно зарегистрирована.
2025-09-20 08:37:19,629 - DEBUG - Команда /greeting успешно зарегистрирована.
2025-09-20 08:37:19,630 - DEBUG - Команда /day_time успешно зарегистрирована.
2025-09-20 08:37:19,630 - DEBUG - Команда /author успешно зарегистрирована.
2025-09-20 08:37:19,630 - DEBUG - Обработчик текстовых сообщений успешно подключён.
2025-09-20 08:37:19,630 - INFO - Бот запущен и готов к работе
2025-09-20 08:38:17,298 - DEBUG - Получено сообщение от 5221431858: Команды
2025-09-20 08:38:17,668 - DEBUG - Сообщение не обработано: Команды
2025-09-20 08:38:19,826 - DEBUG - Получено сообщение от 5221431858: Инфа
2025-09-20 08:38:24,180 - DEBUG - Получено сообщение от 5221431858: Автор
2025-09-20 08:38:26,604 - DEBUG - Получено сообщение от 5221431858: Время
2025-09-20 08:38:26,851 - DEBUG - Сообщение не обработано: Время
2025-09-20 08:38:29,528 - DEBUG - Получено сообщение от 5221431858: Автор
2025-09-20 08:38:31,058 - DEBUG - Получено сообщение от 5221431858: Имена котиков
2025-09-20 08:38:33,030 - DEBUG - Получено сообщение от 5221431858: Задать вопрос
2025-09-20 08:38:36,926 - DEBUG - Получено сообщение от 5221431858: Доступные команды
2025-09-20 08:38:39,578 - DEBUG - Получено сообщение от 5221431858: Задать вопрос
2025-09-20 08:38:42,156 - DEBUG - Получено сообщение от 5221431858: Сколько времени?
