2025-09-10 06:28:07,785 - ERROR - Обработчик не зарегистрирован причина: name 'app' is not defined
2025-09-10 06:28:07,785 - ERROR - Обработчик не зарегистрирован причина: name 'app' is not defined
2025-09-10 06:28:08,460 - ERROR - Обработчик не зарегистрирован причина: name 'app' is not defined
2025-09-10 06:28:08,460 - ERROR - Обработчик не зарегистрирован причина: name 'app' is not defined
2025-09-10 06:28:09,104 - ERROR - Обработчик не зарегистрирован причина: name 'app' is not defined
2025-09-10 06:28:09,104 - ERROR - Обработчик не зарегистрирован причина: name 'app' is not defined
2025-09-10 06:28:10,768 - ERROR - Обработчик не зарегистрирован причина: name 'app' is not defined
2025-09-10 06:28:10,768 - ERROR - Обработчик не зарегистрирован причина: name 'app' is not defined
2025-09-10 06:28:12,036 - ERROR - Обработчик не зарегистрирован причина: name 'app' is not defined
2025-09-10 06:28:12,037 - ERROR - Обработчик не зарегистрирован причина: name 'app' is not defined
2025-09-10 06:28:14,124 - ERROR - Обработчик не зарегистрирован причина: name 'app' is not defined
2025-09-10 06:28:14,124 - ERROR - Обработчик не зарегистрирован причина: name 'app' is not defined
2025-09-10 06:28:17,791 - ERROR - Обработчик не зарегистрирован причина: name 'app' is not defined
2025-09-10 06:28:17,792 - ERROR - Обработчик не зарегистрирован причина: name 'app' is not defined
2025-09-10 06:30:52,871 - DEBUG - Скрипт запущен
2025-09-10 06:30:52,871 - INFO - Запуск бота...Инициализация Application.
2025-09-10 06:30:52,930 - DEBUG - Команда /start успешно зарегана.
2025-09-10 06:30:52,931 - DEBUG - Команда /info успешно зарегана.
2025-09-10 06:30:52,931 - DEBUG - Команда /available_commands успешно зарегана.
2025-09-10 06:30:52,931 - DEBUG - Команда /greeting успешно зарегана.
2025-09-10 06:30:52,931 - DEBUG - Команда /echo успешно зарегана.
2025-09-10 06:30:52,931 - DEBUG - Команда /day_time успешно зарегана.
2025-09-10 06:30:52,932 - DEBUG - Команда /author успешно зарегана.
2025-09-10 06:30:52,932 - DEBUG - Обработчик тестовых сообщений успешно подключен
2025-09-10 06:30:52,932 - DEBUG - Обработчик тестовых сообщений успешно подключен
2025-09-10 06:30:52,932 - INFO - Бот запущен
2025-09-10 06:35:28,831 - DEBUG - Скрипт запущен
2025-09-10 06:35:28,831 - INFO - Запуск бота...Инициализация Application.
2025-09-10 06:35:28,867 - DEBUG - Команда /start успешно зарегана.
2025-09-10 06:35:28,868 - DEBUG - Команда /info успешно зарегана.
2025-09-10 06:35:28,868 - DEBUG - Команда /available_commands успешно зарегана.
2025-09-10 06:35:28,868 - DEBUG - Команда /greeting успешно зарегана.
2025-09-10 06:35:28,868 - DEBUG - Команда /echo успешно зарегана.
2025-09-10 06:35:28,868 - DEBUG - Команда /day_time успешно зарегана.
2025-09-10 06:35:28,869 - DEBUG - Команда /author успешно зарегана.
2025-09-10 06:35:28,869 - DEBUG - Обработчик тестовых сообщений успешно подключен
2025-09-10 06:35:28,869 - DEBUG - Обработчик тестовых сообщений успешно подключен
2025-09-10 06:35:28,869 - INFO - Бот запущен
2025-09-10 06:37:06,578 - DEBUG - Скрипт запущен
2025-09-10 06:37:06,578 - INFO - Запуск бота...Инициализация Application.
2025-09-10 06:37:06,615 - DEBUG - Команда /start успешно зарегана.
2025-09-10 06:37:06,615 - DEBUG - Команда /info успешно зарегана.
2025-09-10 06:37:06,615 - DEBUG - Команда /available_commands успешно зарегана.
2025-09-10 06:37:06,616 - DEBUG - Команда /greeting успешно зарегана.
2025-09-10 06:37:06,616 - DEBUG - Команда /echo успешно зарегана.
2025-09-10 06:37:06,616 - DEBUG - Команда /day_time успешно зарегана.
2025-09-10 06:37:06,616 - DEBUG - Команда /author успешно зарегана.
2025-09-10 06:37:06,617 - DEBUG - Обработчик тестовых сообщений успешно подключен
2025-09-10 06:37:06,617 - DEBUG - Обработчик тестовых сообщений успешно подключен
2025-09-10 06:37:06,617 - INFO - Бот запущен
2025-09-10 06:53:30,873 - DEBUG - Скрипт запущен
2025-09-10 06:53:31,442 - DEBUG - Скрипт запущен
2025-09-10 06:53:32,018 - DEBUG - Скрипт запущен
2025-09-10 06:53:32,839 - DEBUG - Скрипт запущен
2025-09-10 06:53:34,028 - DEBUG - Скрипт запущен
2025-09-10 06:53:36,071 - DEBUG - Скрипт запущен
2025-09-10 06:53:39,665 - DEBUG - Скрипт запущен
2025-09-10 06:53:46,472 - DEBUG - Скрипт запущен
2025-09-10 06:54:00,584 - DEBUG - Скрипт запущен
2025-09-10 06:54:27,808 - DEBUG - Скрипт запущен
2025-09-10 06:59:05,923 - DEBUG - Скрипт запущен
2025-09-10 06:59:05,923 - INFO - Запуск бота...Инициализация Application.
2025-09-10 06:59:05,981 - DEBUG - Команда /start успешно зарегана.
2025-09-10 06:59:05,982 - DEBUG - Команда /info успешно зарегана.
2025-09-10 06:59:05,982 - DEBUG - Команда /available_commands успешно зарегана.
2025-09-10 06:59:05,982 - DEBUG - Команда /greeting успешно зарегана.
2025-09-10 06:59:05,982 - DEBUG - Команда /echo успешно зарегана.
2025-09-10 06:59:05,983 - DEBUG - Команда /day_time успешно зарегана.
2025-09-10 06:59:05,983 - DEBUG - Команда /author успешно зарегана.
2025-09-10 06:59:05,984 - DEBUG - Обработчик текстовых сообщенний успешно подключён.
2025-09-10 06:59:05,984 - INFO - Бот запущен
2025-09-10 07:07:41,821 - DEBUG - Скрипт запущен
2025-09-10 07:07:41,821 - INFO - Запуск бота...Инициализация Application.
2025-09-10 07:07:41,857 - DEBUG - Команда /start успешно зарегана.
2025-09-10 07:07:41,857 - DEBUG - Команда /info успешно зарегана.
2025-09-10 07:07:41,858 - DEBUG - Команда /available_commands успешно зарегана.
2025-09-10 07:07:41,858 - DEBUG - Команда /greeting успешно зарегана.
2025-09-10 07:07:41,858 - DEBUG - Команда /echo успешно зарегана.
2025-09-10 07:07:41,858 - DEBUG - Команда /day_time успешно зарегана.
2025-09-10 07:07:41,859 - DEBUG - Команда /author успешно зарегана.
2025-09-10 07:07:41,859 - DEBUG - Обработчик текстовых сообщенний успешно подключён.
2025-09-10 07:07:41,859 - INFO - Бот запущен
2025-09-10 07:11:20,212 - DEBUG - Скрипт запущен
2025-09-10 07:11:20,212 - INFO - Запуск бота...Инициализация Application.
2025-09-10 07:11:20,247 - DEBUG - Команда /start успешно зарегана.
2025-09-10 07:11:20,247 - DEBUG - Команда /info успешно зарегана.
2025-09-10 07:11:20,247 - DEBUG - Команда /available_commands успешно зарегана.
2025-09-10 07:11:20,248 - DEBUG - Команда /greeting успешно зарегана.
2025-09-10 07:11:20,248 - DEBUG - Команда /day_time успешно зарегана.
2025-09-10 07:11:20,248 - DEBUG - Команда /author успешно зарегана.
2025-09-10 07:11:20,248 - DEBUG - Обработчик текстовых сообщенний успешно подключён.
2025-09-10 07:11:20,249 - INFO - Бот запущен
2025-09-10 07:22:07,983 - DEBUG - Скрипт запущен
2025-09-10 07:22:07,983 - INFO - Запуск бота...Инициализация Application.
2025-09-10 07:22:08,018 - DEBUG - Команда /start успешно зарегана.
2025-09-10 07:22:08,019 - DEBUG - Команда /info успешно зарегана.
2025-09-10 07:22:08,019 - DEBUG - Команда /available_commands успешно зарегана.
2025-09-10 07:22:08,019 - DEBUG - Команда /greeting успешно зарегана.
2025-09-10 07:22:08,019 - DEBUG - Команда /day_time успешно зарегана.
2025-09-10 07:22:08,019 - DEBUG - Команда /author успешно зарегана.
2025-09-10 07:22:08,020 - DEBUG - Обработчик текстовых сообщенний успешно подключён.
2025-09-10 07:22:08,020 - INFO - Бот запущен
2025-09-10 07:26:25,122 - DEBUG - Скрипт запущен
2025-09-10 07:26:25,123 - INFO - Запуск бота...Инициализация Application.
2025-09-10 07:26:25,159 - DEBUG - Команда /start успешно зарегана.
2025-09-10 07:26:25,159 - DEBUG - Команда /info успешно зарегана.
2025-09-10 07:26:25,159 - DEBUG - Команда /available_commands успешно зарегана.
2025-09-10 07:26:25,159 - DEBUG - Команда /greeting успешно зарегана.
2025-09-10 07:26:25,159 - DEBUG - Команда /day_time успешно зарегана.
2025-09-10 07:26:25,160 - DEBUG - Команда /author успешно зарегана.
2025-09-10 07:26:25,160 - DEBUG - Обработчик текстовых сообщенний успешно подключён.
2025-09-10 07:26:25,160 - INFO - Бот запущен
